<?xml version="1.0" encoding="UTF-8"?>
<!-- Generated by org.testng.reporters.JUnitXMLReporter -->
<testsuite hostname="DESKTOP-ES9U8K7" ignored="0" tests="0" failures="0" timestamp="21 Nov 2018 18:23:38 GMT" time="0.05" errors="0">
  <testcase name="@BeforeTest setUp" time="0.0" classname="MainPage.DomainOfCompany">
    <failure type="org.testng.TestNGException" message="
Method setUp requires 2 parameters but 1 were supplied in the BeforeTest annotation.">
      <![CDATA[org.testng.TestNGException: 
Method setUp requires 2 parameters but 1 were supplied in the BeforeTest annotation.
... Removed 21 stack frames]]>
    </failure>
  </testcase> <!-- @BeforeTest setUp -->
</testsuite>
