<?xml version="1.0" encoding="UTF-8"?>
<!-- Generated by org.testng.reporters.JUnitXMLReporter -->
<testsuite hostname="DESKTOP-ES9U8K7" ignored="2" name="TestWeightWatcher" tests="1" failures="1" timestamp="25 Nov 2018 18:30:18 GMT" time="52.23" errors="0">
  <testcase name="weightWatchers" time="0.027" classname="Test.Tests">
    <failure type="java.lang.NullPointerException">
      <![CDATA[java.lang.NullPointerException
at Utilities.Functionalities.typeByXpath(Functionalities.java:10)
at Test.Tests.weightWatchers(Tests.java:16)
... Removed 25 stack frames]]>
    </failure>
  </testcase> <!-- weightWatchers -->
  <testcase name="@AfterTest tearDown" time="0.0" classname="MainPage.DomainOfCompany">
    <ignored/>
  </testcase> <!-- @AfterTest tearDown -->
  <testcase name="@BeforeTest setUp" time="0.0" classname="MainPage.DomainOfCompany">
    <ignored/>
  </testcase> <!-- @BeforeTest setUp -->
</testsuite> <!-- TestWeightWatcher -->
